<?xml version="1.0" encoding="UTF-8"?>
<!-- Generated by org.testng.reporters.JUnitReportReporter -->
<testsuite hostname="DESKTOP-D337UPD" failures="0" tests="2" name="com.practice.NewTest" time="31.838" errors="0" timestamp="2024-09-11T13:07:42 IST" skipped="0">
  <testcase classname="com.practice.NewTest" name="removeButtonValidation_1" time="16.683"/>
  <testcase classname="com.practice.NewTest" name="removeButtonValidation_2" time="15.155"/>
</testsuite> <!-- com.practice.NewTest -->
