<?xml version="1.0" encoding="UTF-8"?>
<!-- Generated by org.testng.reporters.JUnitReportReporter -->
<testsuite hostname="DESKTOP-D337UPD" failures="0" tests="1" name="com.practice.NewTest" time="7.194" errors="0" timestamp="2024-09-15T16:37:08 IST" skipped="0">
  <testcase classname="com.practice.NewTest" name="geoLocationTest_1" time="7.194"/>
</testsuite> <!-- com.practice.NewTest -->
