<?xml version="1.0" encoding="UTF-8"?>
<!-- Generated by org.testng.reporters.JUnitReportReporter -->
<testsuite hostname="DESKTOP-D337UPD" failures="0" tests="2" name="com.tests.LoginTest" time="20.312" errors="0" timestamp="2024-09-16T20:43:06 IST" skipped="0">
  <testcase classname="com.tests.LoginTest" name="LoginCheck" time="8.105"/>
  <testcase classname="com.tests.LoginTest" name="LoginCheck" time="12.207"/>
</testsuite> <!-- com.tests.LoginTest -->
