<?xml version="1.0" encoding="UTF-8"?>
<!-- Generated by org.testng.reporters.JUnitReportReporter -->
<testsuite hostname="DESKTOP-D337UPD" failures="0" tests="1" name="com.baseClass.NewTest" time="6.787" errors="0" timestamp="2024-09-08T01:16:30 IST" skipped="0">
  <testcase classname="com.baseClass.NewTest" name="f" time="6.787"/>
</testsuite> <!-- com.baseClass.NewTest -->
