<?xml version="1.0" encoding="UTF-8"?>
<!-- Generated by org.testng.reporters.JUnitReportReporter -->
<testsuite hostname="DESKTOP-D337UPD" failures="0" tests="1" name="com.tests.LoginTest" time="4.025" errors="0" timestamp="2024-09-11T13:15:03 IST" skipped="0">
  <testcase classname="com.tests.LoginTest" name="LoginWithValidCredential" time="4.025"/>
</testsuite> <!-- com.tests.LoginTest -->
