<?xml version="1.0" encoding="UTF-8"?>
<!-- Generated by org.testng.reporters.JUnitReportReporter -->
<testsuite hostname="DESKTOP-D337UPD" failures="0" tests="2" name="com.practice.NewTest" time="8.439" errors="0" timestamp="2024-09-11T13:15:03 IST" skipped="0">
  <testcase classname="com.practice.NewTest" name="removeButtonValidation_1" time="5.149"/>
  <testcase classname="com.practice.NewTest" name="removeButtonValidation_2" time="3.290"/>
</testsuite> <!-- com.practice.NewTest -->
